Using pre-set license
Built from '2022.3/staging' branch; Version is '2022.3.11f1 (d00248457e15) revision 13632072'; Using compiler version '192829333'; Build Type 'Release'
OS: 'Windows 11  (10.0.26100) 64bit CoreCountrySpecific' Language: 'zh' Physical Memory: 32406 MB
BatchMode: 1, IsHumanControllingUs: 0, StartBugReporterOnCrash: 0, Is64bit: 1, IsPro: 1

COMMAND LINE ARGUMENTS:
E:\Unity\2022.3.11f1\Editor\Unity.exe
-adb2
-batchMode
-noUpm
-name
AssetImportWorker0
-projectPath
E:/UPenn/Mixed Reality/PennVR_2025-main/PennVR_2025-main/PennVR_2025
-logFile
Logs/AssetImportWorker0.log
-srvPort
55253
Successfully changed project path to: E:/UPenn/Mixed Reality/PennVR_2025-main/PennVR_2025-main/PennVR_2025
E:/UPenn/Mixed Reality/PennVR_2025-main/PennVR_2025-main/PennVR_2025
[UnityMemory] Configuration Parameters - Can be set up in boot.config
    "memorysetup-bucket-allocator-granularity=16"
    "memorysetup-bucket-allocator-bucket-count=8"
    "memorysetup-bucket-allocator-block-size=33554432"
    "memorysetup-bucket-allocator-block-count=8"
    "memorysetup-main-allocator-block-size=16777216"
    "memorysetup-thread-allocator-block-size=16777216"
    "memorysetup-gfx-main-allocator-block-size=16777216"
    "memorysetup-gfx-thread-allocator-block-size=16777216"
    "memorysetup-cache-allocator-block-size=4194304"
    "memorysetup-typetree-allocator-block-size=2097152"
    "memorysetup-profiler-bucket-allocator-granularity=16"
    "memorysetup-profiler-bucket-allocator-bucket-count=8"
    "memorysetup-profiler-bucket-allocator-block-size=33554432"
    "memorysetup-profiler-bucket-allocator-block-count=8"
    "memorysetup-profiler-allocator-block-size=16777216"
    "memorysetup-profiler-editor-allocator-block-size=1048576"
    "memorysetup-temp-allocator-size-main=16777216"
    "memorysetup-job-temp-allocator-block-size=2097152"
    "memorysetup-job-temp-allocator-block-size-background=1048576"
    "memorysetup-job-temp-allocator-reduction-small-platforms=262144"
    "memorysetup-allocator-temp-initial-block-size-main=262144"
    "memorysetup-allocator-temp-initial-block-size-worker=262144"
    "memorysetup-temp-allocator-size-background-worker=32768"
    "memorysetup-temp-allocator-size-job-worker=262144"
    "memorysetup-temp-allocator-size-preload-manager=33554432"
    "memorysetup-temp-allocator-size-nav-mesh-worker=65536"
    "memorysetup-temp-allocator-size-audio-worker=65536"
    "memorysetup-temp-allocator-size-cloud-worker=32768"
    "memorysetup-temp-allocator-size-gi-baking-worker=262144"
    "memorysetup-temp-allocator-size-gfx=262144"
Player connection [11148] Host "[IP] 10.102.252.179 [Port] 0 [Flags] 2 [Guid] 721751984 [EditorId] 721751984 [Version] 1048832 [Id] WindowsEditor(7,AlanxKiPC) [Debug] 1 [PackageName] WindowsEditor [ProjectName] Editor" joined multi-casting on [225.0.0.222:54997]...

Player connection [11148] Host "[IP] 10.102.252.179 [Port] 0 [Flags] 2 [Guid] 721751984 [EditorId] 721751984 [Version] 1048832 [Id] WindowsEditor(7,AlanxKiPC) [Debug] 1 [PackageName] WindowsEditor [ProjectName] Editor" joined alternative multi-casting on [225.0.0.222:34997]...

[Physics::Module] Initialized MultithreadedJobDispatcher with 31 workers.
Refreshing native plugins compatible for Editor in 6070.77 ms, found 11 plugins.
Preloading 1 native plugins for Editor in 154.29 ms.
Initialize engine version: 2022.3.11f1 (d00248457e15)
[Subsystems] Discovering subsystems at path E:/Unity/2022.3.11f1/Editor/Data/Resources/UnitySubsystems
[Subsystems] Discovering subsystems at path E:/UPenn/Mixed Reality/PennVR_2025-main/PennVR_2025-main/PennVR_2025/Assets
GfxDevice: creating device client; threaded=0; jobified=0
Direct3D:
    Version:  Direct3D 11.0 [level 11.1]
    Renderer: NVIDIA GeForce RTX 4080 Laptop GPU (ID=0x27e0)
    Vendor:   NVIDIA
    VRAM:     11997 MB
    Driver:   32.0.15.7703
Initialize mono
Mono path[0] = 'E:/Unity/2022.3.11f1/Editor/Data/Managed'
Mono path[1] = 'E:/Unity/2022.3.11f1/Editor/Data/MonoBleedingEdge/lib/mono/unityjit-win32'
Mono config path = 'E:/Unity/2022.3.11f1/Editor/Data/MonoBleedingEdge/etc'
Using monoOptions --debugger-agent=transport=dt_socket,embedding=1,server=y,suspend=n,address=127.0.0.1:56416
Begin MonoManager ReloadAssembly
Registering precompiled unity dll's ...
Register platform support module: E:/Unity/2022.3.11f1/Editor/Data/PlaybackEngines/AndroidPlayer/UnityEditor.Android.Extensions.dll
Register platform support module: E:/Unity/2022.3.11f1/Editor/Data/PlaybackEngines/WindowsStandaloneSupport/UnityEditor.WindowsStandalone.Extensions.dll
Registered in 1.146842 seconds.
- Loaded All Assemblies, in 19.813 seconds
Native extension for WindowsStandalone target not found
Native extension for Android target not found
Android Extension - Scanning For ADB Devices 323 ms
Mono: successfully reloaded assembly
- Finished resetting the current domain, in  1.092 seconds
Domain Reload Profiling: 20905ms
	BeginReloadAssembly (13662ms)
		ExecutionOrderSort (0ms)
		DisableScriptedObjects (0ms)
		BackupInstance (0ms)
		ReleaseScriptingObjects (0ms)
		CreateAndSetChildDomain (1ms)
	RebuildCommonClasses (1268ms)
	RebuildNativeTypeToScriptingClass (9ms)
	initialDomainReloadingComplete (1199ms)
	LoadAllAssembliesAndSetupDomain (3675ms)
		LoadAssemblies (13669ms)
		RebuildTransferFunctionScriptingTraits (0ms)
		AnalyzeDomain (3665ms)
			TypeCache.Refresh (3664ms)
				TypeCache.ScanAssembly (2729ms)
			ScanForSourceGeneratedMonoScriptInfo (0ms)
			ResolveRequiredComponents (0ms)
	FinalizeReload (1092ms)
		ReleaseScriptCaches (0ms)
		RebuildScriptCaches (0ms)
		SetupLoadedEditorAssemblies (1016ms)
			LogAssemblyErrors (0ms)
			InitializePlatformSupportModulesInManaged (840ms)
			SetLoadedEditorAssemblies (4ms)
			RefreshPlugins (0ms)
			BeforeProcessingInitializeOnLoad (2ms)
			ProcessInitializeOnLoadAttributes (102ms)
			ProcessInitializeOnLoadMethodAttributes (67ms)
			AfterProcessingInitializeOnLoad (0ms)
			EditorAssembliesLoaded (0ms)
		ExecutionOrderSort2 (0ms)
		AwakeInstancesAfterBackupRestoration (0ms)
========================================================================
Worker process is ready to serve import requests
Begin MonoManager ReloadAssembly
- Loaded All Assemblies, in 29.996 seconds
Refreshing native plugins compatible for Editor in 6.24 ms, found 11 plugins.
Native extension for WindowsStandalone target not found
Native extension for Android target not found
Package Manager log level set to [2]
[Package Manager] Server::EnsureServerProcessIsRunning -- launch failed, reason: Unity was launched with the -noUpm command-line argument
[Package Manager] UpmClient::Send -- Unable to send message (not connected to UPM process).
[Package Manager] Cannot connect to Unity Package Manager local server
[Package Manager] Server::EnsureServerProcessIsRunning -- launch failed, reason: Unity was launched with the -noUpm command-line argument
[Package Manager] UpmClient::Send -- Unable to send message (not connected to UPM process).
[Package Manager] Cannot connect to Unity Package Manager local server
[XR] OculusXRPlugin: registering subsystems
[XR] Unable to register display lifecyle provider: [1]
[XR] Oculus Input lifecycle provider registered.
[XR] Unable to register input lifecyle provider: [1]
[XR] OVRP version 1.75.0
Mono: successfully reloaded assembly
[Package Manager] Server::EnsureServerProcessIsRunning -- launch failed, reason: Unity was launched with the -noUpm command-line argument
[Package Manager] UpmClient::Send -- Unable to send message (not connected to UPM process).
[Package Manager] Cannot connect to Unity Package Manager local server
[Package Manager] Server::EnsureServerProcessIsRunning -- launch failed, reason: Unity was launched with the -noUpm command-line argument
[Package Manager] UpmClient::Send -- Unable to send message (not connected to UPM process).
[Package Manager] Cannot connect to Unity Package Manager local server
- Finished resetting the current domain, in  1.134 seconds
Domain Reload Profiling: 30480ms
	BeginReloadAssembly (129ms)
		ExecutionOrderSort (0ms)
		DisableScriptedObjects (4ms)
		BackupInstance (0ms)
		ReleaseScriptingObjects (0ms)
		CreateAndSetChildDomain (19ms)
	RebuildCommonClasses (29ms)
	RebuildNativeTypeToScriptingClass (8ms)
	initialDomainReloadingComplete (34ms)
	LoadAllAssembliesAndSetupDomain (29146ms)
		LoadAssemblies (27713ms)
		RebuildTransferFunctionScriptingTraits (0ms)
		AnalyzeDomain (1505ms)
			TypeCache.Refresh (1465ms)
				TypeCache.ScanAssembly (1294ms)
			ScanForSourceGeneratedMonoScriptInfo (28ms)
			ResolveRequiredComponents (10ms)
	FinalizeReload (1135ms)
		ReleaseScriptCaches (0ms)
		RebuildScriptCaches (0ms)
		SetupLoadedEditorAssemblies (953ms)
			LogAssemblyErrors (0ms)
			InitializePlatformSupportModulesInManaged (19ms)
			SetLoadedEditorAssemblies (5ms)
			RefreshPlugins (0ms)
			BeforeProcessingInitializeOnLoad (65ms)
			ProcessInitializeOnLoadAttributes (792ms)
			ProcessInitializeOnLoadMethodAttributes (71ms)
			AfterProcessingInitializeOnLoad (2ms)
			EditorAssembliesLoaded (0ms)
		ExecutionOrderSort2 (0ms)
		AwakeInstancesAfterBackupRestoration (7ms)
Shader 'Oculus/OVRMRCameraFrameLit': fallback shader 'Alpha-Diffuse' not found
Shader 'Oculus/OVRMRCameraFrameLit': fallback shader 'Alpha-Diffuse' not found
Launched and connected shader compiler UnityShaderCompiler.exe after 0.06 seconds
Refreshing native plugins compatible for Editor in 11.18 ms, found 11 plugins.
Preloading 1 native plugins for Editor in 0.10 ms.
Unloading 4845 Unused Serialized files (Serialized files now loaded: 0)
Unloading 237 unused Assets / (17.1 MB). Loaded Objects now: 5128.
Memory consumption went from 221.5 MB to 204.4 MB.
Total: 9.384300 ms (FindLiveObjects: 0.301600 ms CreateObjectMapping: 0.109100 ms MarkObjects: 3.336300 ms  DeleteObjects: 5.636500 ms)

AssetImportParameters requested are different than current active one (requested -> active):
  custom:container-demuxer-ogg: 62fdf1f143b41e24485cea50d1cbac27 -> 
  custom:video-codec-MediaFoundation-h265: 746d11721c4dcdbdad8f713fa42b33f4 -> 
  custom:video-decoder-ogg-theora: a1e56fd34408186e4bbccfd4996cb3dc -> 
  custom:framework-win-MediaFoundation: 216162199b28c13a410421893ffa2e32 -> 
  custom:CustomObjectIndexerAttribute: 756ad292c208cfabdd7b50bc23989ffe -> 
  custom:container-demuxer-webm: 4f35f7cbe854078d1ac9338744f61a02 -> 
  custom:container-muxer-webm: aa71ff27fc2769a1b78a27578f13a17b -> 
  custom:video-decoder-webm-vp8: 9c59270c3fd7afecdb556c50c9e8de78 -> 
  custom:SearchIndexIgnoredProperties: e643bd26f0fe6173181afceb89e7c659 -> 
  custom:AudioImporter_EditorPlatform: d09bf68614088b80899f8185d706f6e7 -> 
  custom:video-encoder-webm-vp8: eb34c28f22e8b96e1ab97ce403110664 -> 
  custom:audio-decoder-ogg-vorbis: bf7c407c2cedff20999df2af8eb42d56 -> 
  custom:audio-encoder-webm-vorbis: bf7c407c2cedff20999df2af8eb42d56 -> 
========================================================================
Received Import Request.
  Time since last request: 9270.426712 seconds.
  path: Assets/STUDENT_Scenes/WEEK4 SCENE.unity
  artifactKey: Guid(224160b80c1fa054a800b565a4dd16f3) Importer(815301076,1909f56bfc062723c751e8b465ee728b)
Start importing Assets/STUDENT_Scenes/WEEK4 SCENE.unity using Guid(224160b80c1fa054a800b565a4dd16f3) Importer(815301076,1909f56bfc062723c751e8b465ee728b)  -> (artifact id: '1448f3fd4a245f602b9f9181ac1c877e') in 0.002514 seconds
Number of updated asset objects reloaded before import = 0
Number of asset objects unloaded after import = 0
========================================================================
Received Import Request.
  Time since last request: 526.867200 seconds.
  path: Assets/XRF_Materials/1001export02.fbx
  artifactKey: Guid(e7fbfcd797f334448afedef2a4d428ab) Importer(815301076,1909f56bfc062723c751e8b465ee728b)
Start importing Assets/XRF_Materials/1001export02.fbx using Guid(e7fbfcd797f334448afedef2a4d428ab) Importer(815301076,1909f56bfc062723c751e8b465ee728b)  -> (artifact id: '57f6751a5777ae2f3a7fd4ecf6170df2') in 0.570546 seconds
Number of updated asset objects reloaded before import = 0
Number of asset objects unloaded after import = 680
========================================================================
Received Prepare
Begin MonoManager ReloadAssembly
- Loaded All Assemblies, in  0.411 seconds
Refreshing native plugins compatible for Editor in 6.64 ms, found 11 plugins.
Native extension for WindowsStandalone target not found
Native extension for Android target not found
[Package Manager] Server::EnsureServerProcessIsRunning -- launch failed, reason: Unity was launched with the -noUpm command-line argument
[Package Manager] UpmClient::Send -- Unable to send message (not connected to UPM process).
[Package Manager] Cannot connect to Unity Package Manager local server
[Package Manager] Server::EnsureServerProcessIsRunning -- launch failed, reason: Unity was launched with the -noUpm command-line argument
[Package Manager] UpmClient::Send -- Unable to send message (not connected to UPM process).
[Package Manager] Cannot connect to Unity Package Manager local server
Mono: successfully reloaded assembly
[Package Manager] Server::EnsureServerProcessIsRunning -- launch failed, reason: Unity was launched with the -noUpm command-line argument
[Package Manager] UpmClient::Send -- Unable to send message (not connected to UPM process).
[Package Manager] Cannot connect to Unity Package Manager local server
- Finished resetting the current domain, in  0.830 seconds
Domain Reload Profiling: 1241ms
	BeginReloadAssembly (139ms)
		ExecutionOrderSort (0ms)
		DisableScriptedObjects (3ms)
		BackupInstance (0ms)
		ReleaseScriptingObjects (0ms)
		CreateAndSetChildDomain (33ms)
	RebuildCommonClasses (30ms)
	RebuildNativeTypeToScriptingClass (10ms)
	initialDomainReloadingComplete (22ms)
	LoadAllAssembliesAndSetupDomain (210ms)
		LoadAssemblies (265ms)
		RebuildTransferFunctionScriptingTraits (0ms)
		AnalyzeDomain (21ms)
			TypeCache.Refresh (6ms)
				TypeCache.ScanAssembly (0ms)
			ScanForSourceGeneratedMonoScriptInfo (0ms)
			ResolveRequiredComponents (12ms)
	FinalizeReload (831ms)
		ReleaseScriptCaches (0ms)
		RebuildScriptCaches (0ms)
		SetupLoadedEditorAssemblies (400ms)
			LogAssemblyErrors (0ms)
			InitializePlatformSupportModulesInManaged (20ms)
			SetLoadedEditorAssemblies (6ms)
			RefreshPlugins (0ms)
			BeforeProcessingInitializeOnLoad (71ms)
			ProcessInitializeOnLoadAttributes (277ms)
			ProcessInitializeOnLoadMethodAttributes (24ms)
			AfterProcessingInitializeOnLoad (2ms)
			EditorAssembliesLoaded (0ms)
		ExecutionOrderSort2 (0ms)
		AwakeInstancesAfterBackupRestoration (8ms)
Shader 'Oculus/OVRMRCameraFrameLit': fallback shader 'Alpha-Diffuse' not found
Shader 'Oculus/OVRMRCameraFrameLit': fallback shader 'Alpha-Diffuse' not found
Refreshing native plugins compatible for Editor in 12.17 ms, found 11 plugins.
Preloading 1 native plugins for Editor in 0.09 ms.
Unloading 4826 Unused Serialized files (Serialized files now loaded: 0)
Unloading 224 unused Assets / (17.0 MB). Loaded Objects now: 5142.
Memory consumption went from 221.0 MB to 204.0 MB.
Total: 13.688400 ms (FindLiveObjects: 0.323800 ms CreateObjectMapping: 0.250500 ms MarkObjects: 3.561100 ms  DeleteObjects: 9.551400 ms)

Prepare: number of updated asset objects reloaded= 0
AssetImportParameters requested are different than current active one (requested -> active):
  custom:container-demuxer-ogg: 62fdf1f143b41e24485cea50d1cbac27 -> 
  custom:video-codec-MediaFoundation-h265: 746d11721c4dcdbdad8f713fa42b33f4 -> 
  custom:video-decoder-ogg-theora: a1e56fd34408186e4bbccfd4996cb3dc -> 
  custom:framework-win-MediaFoundation: 216162199b28c13a410421893ffa2e32 -> 
  custom:CustomObjectIndexerAttribute: 756ad292c208cfabdd7b50bc23989ffe -> 
  custom:container-demuxer-webm: 4f35f7cbe854078d1ac9338744f61a02 -> 
  custom:container-muxer-webm: aa71ff27fc2769a1b78a27578f13a17b -> 
  custom:video-decoder-webm-vp8: 9c59270c3fd7afecdb556c50c9e8de78 -> 
  custom:SearchIndexIgnoredProperties: e643bd26f0fe6173181afceb89e7c659 -> 
  custom:AudioImporter_EditorPlatform: d09bf68614088b80899f8185d706f6e7 -> 
  custom:video-encoder-webm-vp8: eb34c28f22e8b96e1ab97ce403110664 -> 
  custom:audio-decoder-ogg-vorbis: bf7c407c2cedff20999df2af8eb42d56 -> 
  custom:audio-encoder-webm-vorbis: bf7c407c2cedff20999df2af8eb42d56 -> 
========================================================================
Received Import Request.
  Time since last request: 631.065852 seconds.
  path: Assets/XRF_Environment/Terrain/New Terrain.asset
  artifactKey: Guid(c4d6d910f1fcde04a8f1f3dc834b226c) Importer(815301076,1909f56bfc062723c751e8b465ee728b)
Start importing Assets/XRF_Environment/Terrain/New Terrain.asset using Guid(c4d6d910f1fcde04a8f1f3dc834b226c) Importer(815301076,1909f56bfc062723c751e8b465ee728b)  -> (artifact id: 'dfde4117788bd606c27b4f7dbe63499b') in 0.026398 seconds
Number of updated asset objects reloaded before import = 0
Number of asset objects unloaded after import = 1
========================================================================
Received Import Request.
  Time since last request: 0.006320 seconds.
  path: Assets/XRF_Environment/Terrain/New Terrain 1.asset
  artifactKey: Guid(baa2d0b92458cc349b8f7f9ed6a16515) Importer(815301076,1909f56bfc062723c751e8b465ee728b)
Start importing Assets/XRF_Environment/Terrain/New Terrain 1.asset using Guid(baa2d0b92458cc349b8f7f9ed6a16515) Importer(815301076,1909f56bfc062723c751e8b465ee728b)  -> (artifact id: '8245d1e10f5e52d57f935ebf6301943b') in 0.012465 seconds
Number of updated asset objects reloaded before import = 0
Number of asset objects unloaded after import = 1
========================================================================
Received Import Request.
  Time since last request: 0.004762 seconds.
  path: Assets/XRF_Environment/Terrain/NewLayer - Copy.terrainlayer
  artifactKey: Guid(f28dffecc9fa929459e7217ed133f1a7) Importer(815301076,1909f56bfc062723c751e8b465ee728b)
Start importing Assets/XRF_Environment/Terrain/NewLayer - Copy.terrainlayer using Guid(f28dffecc9fa929459e7217ed133f1a7) Importer(815301076,1909f56bfc062723c751e8b465ee728b)  -> (artifact id: '01439ca25dd721d2a5180f5b5d6c89f8') in 0.064520 seconds
Number of updated asset objects reloaded before import = 0
Number of asset objects unloaded after import = 2
========================================================================
Received Import Request.
  Time since last request: 0.000023 seconds.
  path: Assets/XRF_Environment/Terrain/NewLayer 1 - Copy - Copy.terrainlayer
  artifactKey: Guid(ce1dd5acbee07a74d8a506b72474254e) Importer(815301076,1909f56bfc062723c751e8b465ee728b)
Start importing Assets/XRF_Environment/Terrain/NewLayer 1 - Copy - Copy.terrainlayer using Guid(ce1dd5acbee07a74d8a506b72474254e) Importer(815301076,1909f56bfc062723c751e8b465ee728b)  -> (artifact id: 'd02fca617459ae31e7e314255b955c89') in 0.071767 seconds
Number of updated asset objects reloaded before import = 0
Number of asset objects unloaded after import = 4
========================================================================
Received Import Request.
  Time since last request: 0.000025 seconds.
  path: Assets/XRF_Environment/Terrain/NewLayer 5.terrainlayer
  artifactKey: Guid(417a2373be9f7144193dfdfed3342545) Importer(815301076,1909f56bfc062723c751e8b465ee728b)
Start importing Assets/XRF_Environment/Terrain/NewLayer 5.terrainlayer using Guid(417a2373be9f7144193dfdfed3342545) Importer(815301076,1909f56bfc062723c751e8b465ee728b)  -> (artifact id: '818a55f5556e117b1718a01e65f40d7f') in 0.034190 seconds
Number of updated asset objects reloaded before import = 0
Number of asset objects unloaded after import = 2
========================================================================
Received Import Request.
  Time since last request: 0.000045 seconds.
  path: Assets/XRF_Environment/Terrain/NewLayer 7.terrainlayer
  artifactKey: Guid(126948aac3b8b8a46ab97f9a9a773884) Importer(815301076,1909f56bfc062723c751e8b465ee728b)
Start importing Assets/XRF_Environment/Terrain/NewLayer 7.terrainlayer using Guid(126948aac3b8b8a46ab97f9a9a773884) Importer(815301076,1909f56bfc062723c751e8b465ee728b)  -> (artifact id: '144c05c064ffcbfd6c495099d4813c6b') in 0.042243 seconds
Number of updated asset objects reloaded before import = 0
Number of asset objects unloaded after import = 2
========================================================================
Received Import Request.
  Time since last request: 0.000069 seconds.
  path: Assets/XRF_Environment/Terrain/NewLayer 6.terrainlayer
  artifactKey: Guid(37d70b3d2dc112a4893e9e196a994408) Importer(815301076,1909f56bfc062723c751e8b465ee728b)
Start importing Assets/XRF_Environment/Terrain/NewLayer 6.terrainlayer using Guid(37d70b3d2dc112a4893e9e196a994408) Importer(815301076,1909f56bfc062723c751e8b465ee728b)  -> (artifact id: '5c0fee92b1fa03b7f5f7b096c270cf56') in 0.036136 seconds
Number of updated asset objects reloaded before import = 0
Number of asset objects unloaded after import = 2
========================================================================
Received Import Request.
  Time since last request: 0.000022 seconds.
  path: Assets/XRF_Environment/Terrain/NewLayer 2 - Copy.terrainlayer
  artifactKey: Guid(7c7f55c3c60332c43a7c54b4fd21efd6) Importer(815301076,1909f56bfc062723c751e8b465ee728b)
Start importing Assets/XRF_Environment/Terrain/NewLayer 2 - Copy.terrainlayer using Guid(7c7f55c3c60332c43a7c54b4fd21efd6) Importer(815301076,1909f56bfc062723c751e8b465ee728b)  -> (artifact id: '3f322582d8fec8ab0b67fe10d9776f77') in 0.036651 seconds
Number of updated asset objects reloaded before import = 0
Number of asset objects unloaded after import = 2
========================================================================
Received Import Request.
  Time since last request: 0.000022 seconds.
  path: Assets/XRF_Environment/Terrain/NewLayer 1.terrainlayer
  artifactKey: Guid(31b9b9bc58c9f604da4a87b699d5eddd) Importer(815301076,1909f56bfc062723c751e8b465ee728b)
Start importing Assets/XRF_Environment/Terrain/NewLayer 1.terrainlayer using Guid(31b9b9bc58c9f604da4a87b699d5eddd) Importer(815301076,1909f56bfc062723c751e8b465ee728b)  -> (artifact id: 'fd050630f1ded3491aea4bb923625c87') in 0.021190 seconds
Number of updated asset objects reloaded before import = 0
Number of asset objects unloaded after import = 2
========================================================================
Received Import Request.
  Time since last request: 0.000018 seconds.
  path: Assets/XRF_Environment/Terrain/NewLayer 4.terrainlayer
  artifactKey: Guid(ed0f784717915964386ab1935f013319) Importer(815301076,1909f56bfc062723c751e8b465ee728b)
Start importing Assets/XRF_Environment/Terrain/NewLayer 4.terrainlayer using Guid(ed0f784717915964386ab1935f013319) Importer(815301076,1909f56bfc062723c751e8b465ee728b)  -> (artifact id: '5ad23b58e2828e2b42fbcdcc192ca3c5') in 0.020992 seconds
Number of updated asset objects reloaded before import = 0
Number of asset objects unloaded after import = 2
Editor requested this worker to shutdown with reason: Scaling down because of idle timeout
TcpMessagingSession - receive error: operation aborted. errorcode: 995, details: 由于线程退出或应用程序请求，已中止 I/O 操作。
AssetImportWorker is now disconnected from the server
Process exiting
Exiting without the bug reporter. Application will terminate with return code 0