Using pre-set license
Built from '2022.3/staging' branch; Version is '2022.3.11f1 (d00248457e15) revision 13632072'; Using compiler version '192829333'; Build Type 'Release'
OS: 'Windows 11  (10.0.26100) 64bit CoreCountrySpecific' Language: 'zh' Physical Memory: 32406 MB
BatchMode: 1, IsHumanControllingUs: 0, StartBugReporterOnCrash: 0, Is64bit: 1, IsPro: 1

COMMAND LINE ARGUMENTS:
E:\Unity\2022.3.11f1\Editor\Unity.exe
-adb2
-batchMode
-noUpm
-name
AssetImportWorker1
-projectPath
E:/UPenn/Mixed Reality/PennVR_2025-main/PennVR_2025-main/PennVR_2025
-logFile
Logs/AssetImportWorker1.log
-srvPort
55253
Successfully changed project path to: E:/UPenn/Mixed Reality/PennVR_2025-main/PennVR_2025-main/PennVR_2025
E:/UPenn/Mixed Reality/PennVR_2025-main/PennVR_2025-main/PennVR_2025
[UnityMemory] Configuration Parameters - Can be set up in boot.config
    "memorysetup-bucket-allocator-granularity=16"
    "memorysetup-bucket-allocator-bucket-count=8"
    "memorysetup-bucket-allocator-block-size=33554432"
    "memorysetup-bucket-allocator-block-count=8"
    "memorysetup-main-allocator-block-size=16777216"
    "memorysetup-thread-allocator-block-size=16777216"
    "memorysetup-gfx-main-allocator-block-size=16777216"
    "memorysetup-gfx-thread-allocator-block-size=16777216"
    "memorysetup-cache-allocator-block-size=4194304"
    "memorysetup-typetree-allocator-block-size=2097152"
    "memorysetup-profiler-bucket-allocator-granularity=16"
    "memorysetup-profiler-bucket-allocator-bucket-count=8"
    "memorysetup-profiler-bucket-allocator-block-size=33554432"
    "memorysetup-profiler-bucket-allocator-block-count=8"
    "memorysetup-profiler-allocator-block-size=16777216"
    "memorysetup-profiler-editor-allocator-block-size=1048576"
    "memorysetup-temp-allocator-size-main=16777216"
    "memorysetup-job-temp-allocator-block-size=2097152"
    "memorysetup-job-temp-allocator-block-size-background=1048576"
    "memorysetup-job-temp-allocator-reduction-small-platforms=262144"
    "memorysetup-allocator-temp-initial-block-size-main=262144"
    "memorysetup-allocator-temp-initial-block-size-worker=262144"
    "memorysetup-temp-allocator-size-background-worker=32768"
    "memorysetup-temp-allocator-size-job-worker=262144"
    "memorysetup-temp-allocator-size-preload-manager=33554432"
    "memorysetup-temp-allocator-size-nav-mesh-worker=65536"
    "memorysetup-temp-allocator-size-audio-worker=65536"
    "memorysetup-temp-allocator-size-cloud-worker=32768"
    "memorysetup-temp-allocator-size-gi-baking-worker=262144"
    "memorysetup-temp-allocator-size-gfx=262144"
Player connection [38216] Host "[IP] 10.102.252.179 [Port] 0 [Flags] 2 [Guid] 669149236 [EditorId] 669149236 [Version] 1048832 [Id] WindowsEditor(7,AlanxKiPC) [Debug] 1 [PackageName] WindowsEditor [ProjectName] Editor" joined multi-casting on [225.0.0.222:54997]...

Player connection [38216] Host "[IP] 10.102.252.179 [Port] 0 [Flags] 2 [Guid] 669149236 [EditorId] 669149236 [Version] 1048832 [Id] WindowsEditor(7,AlanxKiPC) [Debug] 1 [PackageName] WindowsEditor [ProjectName] Editor" joined alternative multi-casting on [225.0.0.222:34997]...

[Physics::Module] Initialized MultithreadedJobDispatcher with 31 workers.
Refreshing native plugins compatible for Editor in 6072.89 ms, found 11 plugins.
Preloading 1 native plugins for Editor in 154.00 ms.
Initialize engine version: 2022.3.11f1 (d00248457e15)
[Subsystems] Discovering subsystems at path E:/Unity/2022.3.11f1/Editor/Data/Resources/UnitySubsystems
[Subsystems] Discovering subsystems at path E:/UPenn/Mixed Reality/PennVR_2025-main/PennVR_2025-main/PennVR_2025/Assets
GfxDevice: creating device client; threaded=0; jobified=0
Direct3D:
    Version:  Direct3D 11.0 [level 11.1]
    Renderer: NVIDIA GeForce RTX 4080 Laptop GPU (ID=0x27e0)
    Vendor:   NVIDIA
    VRAM:     11997 MB
    Driver:   32.0.15.7703
Initialize mono
Mono path[0] = 'E:/Unity/2022.3.11f1/Editor/Data/Managed'
Mono path[1] = 'E:/Unity/2022.3.11f1/Editor/Data/MonoBleedingEdge/lib/mono/unityjit-win32'
Mono config path = 'E:/Unity/2022.3.11f1/Editor/Data/MonoBleedingEdge/etc'
Using monoOptions --debugger-agent=transport=dt_socket,embedding=1,server=y,suspend=n,address=127.0.0.1:56172
Begin MonoManager ReloadAssembly
Registering precompiled unity dll's ...
Register platform support module: E:/Unity/2022.3.11f1/Editor/Data/PlaybackEngines/AndroidPlayer/UnityEditor.Android.Extensions.dll
Register platform support module: E:/Unity/2022.3.11f1/Editor/Data/PlaybackEngines/WindowsStandaloneSupport/UnityEditor.WindowsStandalone.Extensions.dll
Registered in 1.146608 seconds.
- Loaded All Assemblies, in 19.818 seconds
Native extension for WindowsStandalone target not found
Native extension for Android target not found
Android Extension - Scanning For ADB Devices 323 ms
Mono: successfully reloaded assembly
- Finished resetting the current domain, in  1.087 seconds
Domain Reload Profiling: 20906ms
	BeginReloadAssembly (13667ms)
		ExecutionOrderSort (0ms)
		DisableScriptedObjects (0ms)
		BackupInstance (0ms)
		ReleaseScriptingObjects (0ms)
		CreateAndSetChildDomain (1ms)
	RebuildCommonClasses (1263ms)
	RebuildNativeTypeToScriptingClass (9ms)
	initialDomainReloadingComplete (1199ms)
	LoadAllAssembliesAndSetupDomain (3681ms)
		LoadAssemblies (13674ms)
		RebuildTransferFunctionScriptingTraits (0ms)
		AnalyzeDomain (3671ms)
			TypeCache.Refresh (3668ms)
				TypeCache.ScanAssembly (2729ms)
			ScanForSourceGeneratedMonoScriptInfo (1ms)
			ResolveRequiredComponents (1ms)
	FinalizeReload (1088ms)
		ReleaseScriptCaches (0ms)
		RebuildScriptCaches (0ms)
		SetupLoadedEditorAssemblies (1027ms)
			LogAssemblyErrors (0ms)
			InitializePlatformSupportModulesInManaged (852ms)
			SetLoadedEditorAssemblies (4ms)
			RefreshPlugins (0ms)
			BeforeProcessingInitializeOnLoad (2ms)
			ProcessInitializeOnLoadAttributes (103ms)
			ProcessInitializeOnLoadMethodAttributes (66ms)
			AfterProcessingInitializeOnLoad (0ms)
			EditorAssembliesLoaded (0ms)
		ExecutionOrderSort2 (0ms)
		AwakeInstancesAfterBackupRestoration (0ms)
========================================================================
Worker process is ready to serve import requests
Begin MonoManager ReloadAssembly
- Loaded All Assemblies, in 29.992 seconds
Refreshing native plugins compatible for Editor in 6.23 ms, found 11 plugins.
Native extension for WindowsStandalone target not found
Native extension for Android target not found
Package Manager log level set to [2]
[Package Manager] Server::EnsureServerProcessIsRunning -- launch failed, reason: Unity was launched with the -noUpm command-line argument
[Package Manager] UpmClient::Send -- Unable to send message (not connected to UPM process).
[Package Manager] Cannot connect to Unity Package Manager local server
[Package Manager] Server::EnsureServerProcessIsRunning -- launch failed, reason: Unity was launched with the -noUpm command-line argument
[Package Manager] UpmClient::Send -- Unable to send message (not connected to UPM process).
[Package Manager] Cannot connect to Unity Package Manager local server
[XR] OculusXRPlugin: registering subsystems
[XR] Unable to register display lifecyle provider: [1]
[XR] Oculus Input lifecycle provider registered.
[XR] Unable to register input lifecyle provider: [1]
[XR] OVRP version 1.75.0
Mono: successfully reloaded assembly
[Package Manager] Server::EnsureServerProcessIsRunning -- launch failed, reason: Unity was launched with the -noUpm command-line argument
[Package Manager] UpmClient::Send -- Unable to send message (not connected to UPM process).
[Package Manager] Cannot connect to Unity Package Manager local server
[Package Manager] Server::EnsureServerProcessIsRunning -- launch failed, reason: Unity was launched with the -noUpm command-line argument
[Package Manager] UpmClient::Send -- Unable to send message (not connected to UPM process).
[Package Manager] Cannot connect to Unity Package Manager local server
- Finished resetting the current domain, in  1.129 seconds
Domain Reload Profiling: 30471ms
	BeginReloadAssembly (127ms)
		ExecutionOrderSort (0ms)
		DisableScriptedObjects (4ms)
		BackupInstance (0ms)
		ReleaseScriptingObjects (0ms)
		CreateAndSetChildDomain (19ms)
	RebuildCommonClasses (29ms)
	RebuildNativeTypeToScriptingClass (8ms)
	initialDomainReloadingComplete (36ms)
	LoadAllAssembliesAndSetupDomain (29142ms)
		LoadAssemblies (27714ms)
		RebuildTransferFunctionScriptingTraits (0ms)
		AnalyzeDomain (1502ms)
			TypeCache.Refresh (1458ms)
				TypeCache.ScanAssembly (1297ms)
			ScanForSourceGeneratedMonoScriptInfo (30ms)
			ResolveRequiredComponents (11ms)
	FinalizeReload (1130ms)
		ReleaseScriptCaches (0ms)
		RebuildScriptCaches (0ms)
		SetupLoadedEditorAssemblies (949ms)
			LogAssemblyErrors (0ms)
			InitializePlatformSupportModulesInManaged (19ms)
			SetLoadedEditorAssemblies (5ms)
			RefreshPlugins (0ms)
			BeforeProcessingInitializeOnLoad (65ms)
			ProcessInitializeOnLoadAttributes (782ms)
			ProcessInitializeOnLoadMethodAttributes (75ms)
			AfterProcessingInitializeOnLoad (2ms)
			EditorAssembliesLoaded (0ms)
		ExecutionOrderSort2 (0ms)
		AwakeInstancesAfterBackupRestoration (7ms)
Shader 'Oculus/OVRMRCameraFrameLit': fallback shader 'Alpha-Diffuse' not found
Shader 'Oculus/OVRMRCameraFrameLit': fallback shader 'Alpha-Diffuse' not found
Launched and connected shader compiler UnityShaderCompiler.exe after 0.07 seconds
Refreshing native plugins compatible for Editor in 11.35 ms, found 11 plugins.
Preloading 1 native plugins for Editor in 0.10 ms.
Unloading 4845 Unused Serialized files (Serialized files now loaded: 0)
Unloading 237 unused Assets / (17.0 MB). Loaded Objects now: 5128.
Memory consumption went from 221.5 MB to 204.4 MB.
Total: 9.383900 ms (FindLiveObjects: 0.306200 ms CreateObjectMapping: 0.120700 ms MarkObjects: 3.417500 ms  DeleteObjects: 5.538800 ms)

AssetImportParameters requested are different than current active one (requested -> active):
  custom:container-demuxer-ogg: 62fdf1f143b41e24485cea50d1cbac27 -> 
  custom:video-codec-MediaFoundation-h265: 746d11721c4dcdbdad8f713fa42b33f4 -> 
  custom:video-decoder-ogg-theora: a1e56fd34408186e4bbccfd4996cb3dc -> 
  custom:framework-win-MediaFoundation: 216162199b28c13a410421893ffa2e32 -> 
  custom:CustomObjectIndexerAttribute: 756ad292c208cfabdd7b50bc23989ffe -> 
  custom:container-demuxer-webm: 4f35f7cbe854078d1ac9338744f61a02 -> 
  custom:container-muxer-webm: aa71ff27fc2769a1b78a27578f13a17b -> 
  custom:video-decoder-webm-vp8: 9c59270c3fd7afecdb556c50c9e8de78 -> 
  custom:SearchIndexIgnoredProperties: e643bd26f0fe6173181afceb89e7c659 -> 
  custom:AudioImporter_EditorPlatform: d09bf68614088b80899f8185d706f6e7 -> 
  custom:video-encoder-webm-vp8: eb34c28f22e8b96e1ab97ce403110664 -> 
  custom:audio-decoder-ogg-vorbis: bf7c407c2cedff20999df2af8eb42d56 -> 
  custom:audio-encoder-webm-vorbis: bf7c407c2cedff20999df2af8eb42d56 -> 
========================================================================
Received Prepare
Begin MonoManager ReloadAssembly
- Loaded All Assemblies, in  0.408 seconds
Refreshing native plugins compatible for Editor in 6.81 ms, found 11 plugins.
Native extension for WindowsStandalone target not found
Native extension for Android target not found
[Package Manager] Server::EnsureServerProcessIsRunning -- launch failed, reason: Unity was launched with the -noUpm command-line argument
[Package Manager] UpmClient::Send -- Unable to send message (not connected to UPM process).
[Package Manager] Cannot connect to Unity Package Manager local server
[Package Manager] Server::EnsureServerProcessIsRunning -- launch failed, reason: Unity was launched with the -noUpm command-line argument
[Package Manager] UpmClient::Send -- Unable to send message (not connected to UPM process).
[Package Manager] Cannot connect to Unity Package Manager local server
Mono: successfully reloaded assembly
[Package Manager] Server::EnsureServerProcessIsRunning -- launch failed, reason: Unity was launched with the -noUpm command-line argument
[Package Manager] UpmClient::Send -- Unable to send message (not connected to UPM process).
[Package Manager] Cannot connect to Unity Package Manager local server
- Finished resetting the current domain, in  0.817 seconds
Domain Reload Profiling: 1225ms
	BeginReloadAssembly (140ms)
		ExecutionOrderSort (0ms)
		DisableScriptedObjects (4ms)
		BackupInstance (0ms)
		ReleaseScriptingObjects (0ms)
		CreateAndSetChildDomain (35ms)
	RebuildCommonClasses (30ms)
	RebuildNativeTypeToScriptingClass (10ms)
	initialDomainReloadingComplete (22ms)
	LoadAllAssembliesAndSetupDomain (206ms)
		LoadAssemblies (259ms)
		RebuildTransferFunctionScriptingTraits (0ms)
		AnalyzeDomain (20ms)
			TypeCache.Refresh (6ms)
				TypeCache.ScanAssembly (0ms)
			ScanForSourceGeneratedMonoScriptInfo (0ms)
			ResolveRequiredComponents (12ms)
	FinalizeReload (818ms)
		ReleaseScriptCaches (0ms)
		RebuildScriptCaches (0ms)
		SetupLoadedEditorAssemblies (386ms)
			LogAssemblyErrors (0ms)
			InitializePlatformSupportModulesInManaged (20ms)
			SetLoadedEditorAssemblies (5ms)
			RefreshPlugins (0ms)
			BeforeProcessingInitializeOnLoad (68ms)
			ProcessInitializeOnLoadAttributes (266ms)
			ProcessInitializeOnLoadMethodAttributes (24ms)
			AfterProcessingInitializeOnLoad (2ms)
			EditorAssembliesLoaded (0ms)
		ExecutionOrderSort2 (0ms)
		AwakeInstancesAfterBackupRestoration (8ms)
Shader 'Oculus/OVRMRCameraFrameLit': fallback shader 'Alpha-Diffuse' not found
Shader 'Oculus/OVRMRCameraFrameLit': fallback shader 'Alpha-Diffuse' not found
Refreshing native plugins compatible for Editor in 11.33 ms, found 11 plugins.
Preloading 1 native plugins for Editor in 0.10 ms.
Unloading 4826 Unused Serialized files (Serialized files now loaded: 0)
Unloading 224 unused Assets / (17.1 MB). Loaded Objects now: 5132.
Memory consumption went from 220.5 MB to 203.4 MB.
Total: 10.586400 ms (FindLiveObjects: 0.507900 ms CreateObjectMapping: 0.155400 ms MarkObjects: 3.813100 ms  DeleteObjects: 6.108300 ms)

Prepare: number of updated asset objects reloaded= 0
AssetImportParameters requested are different than current active one (requested -> active):
  custom:container-demuxer-ogg: 62fdf1f143b41e24485cea50d1cbac27 -> 
  custom:video-codec-MediaFoundation-h265: 746d11721c4dcdbdad8f713fa42b33f4 -> 
  custom:video-decoder-ogg-theora: a1e56fd34408186e4bbccfd4996cb3dc -> 
  custom:framework-win-MediaFoundation: 216162199b28c13a410421893ffa2e32 -> 
  custom:CustomObjectIndexerAttribute: 756ad292c208cfabdd7b50bc23989ffe -> 
  custom:container-demuxer-webm: 4f35f7cbe854078d1ac9338744f61a02 -> 
  custom:container-muxer-webm: aa71ff27fc2769a1b78a27578f13a17b -> 
  custom:video-decoder-webm-vp8: 9c59270c3fd7afecdb556c50c9e8de78 -> 
  custom:SearchIndexIgnoredProperties: e643bd26f0fe6173181afceb89e7c659 -> 
  custom:AudioImporter_EditorPlatform: d09bf68614088b80899f8185d706f6e7 -> 
  custom:video-encoder-webm-vp8: eb34c28f22e8b96e1ab97ce403110664 -> 
  custom:audio-decoder-ogg-vorbis: bf7c407c2cedff20999df2af8eb42d56 -> 
  custom:audio-encoder-webm-vorbis: bf7c407c2cedff20999df2af8eb42d56 -> 
========================================================================
Received Import Request.
  Time since last request: 10428.991388 seconds.
  path: Assets/XRF_Environment/Terrain/NewLayer.terrainlayer
  artifactKey: Guid(bf95b762184b9f24b891c25f4bd6a991) Importer(815301076,1909f56bfc062723c751e8b465ee728b)
Start importing Assets/XRF_Environment/Terrain/NewLayer.terrainlayer using Guid(bf95b762184b9f24b891c25f4bd6a991) Importer(815301076,1909f56bfc062723c751e8b465ee728b)  -> (artifact id: '96b8dee07143205210b7e564796f004e') in 0.073297 seconds
Number of updated asset objects reloaded before import = 0
Number of asset objects unloaded after import = 2
========================================================================
Received Import Request.
  Time since last request: 0.000020 seconds.
  path: Assets/XRF_Environment/Terrain/NewLayer 1 - Copy.terrainlayer
  artifactKey: Guid(7244fd2b0caa92f4eb5441833fbbd194) Importer(815301076,1909f56bfc062723c751e8b465ee728b)
Start importing Assets/XRF_Environment/Terrain/NewLayer 1 - Copy.terrainlayer using Guid(7244fd2b0caa92f4eb5441833fbbd194) Importer(815301076,1909f56bfc062723c751e8b465ee728b)  -> (artifact id: '2a24669994fa05597f8e63c958be891e') in 0.042771 seconds
Number of updated asset objects reloaded before import = 0
Number of asset objects unloaded after import = 4
========================================================================
Received Import Request.
  Time since last request: 0.000211 seconds.
  path: Assets/XRF_Environment/Terrain/NewLayer 3.terrainlayer
  artifactKey: Guid(60ee91760ef025342b65f4bd9729cebf) Importer(815301076,1909f56bfc062723c751e8b465ee728b)
Start importing Assets/XRF_Environment/Terrain/NewLayer 3.terrainlayer using Guid(60ee91760ef025342b65f4bd9729cebf) Importer(815301076,1909f56bfc062723c751e8b465ee728b)  -> (artifact id: '5c0cc6aaca2b88f19cff7f8ecc1c3375') in 0.073477 seconds
Number of updated asset objects reloaded before import = 0
Number of asset objects unloaded after import = 4
========================================================================
Received Import Request.
  Time since last request: 0.000019 seconds.
  path: Assets/XRF_Environment/Terrain/NewLayer 4 - Copy.terrainlayer
  artifactKey: Guid(58b31e98729f7d8438b1bfb477e81017) Importer(815301076,1909f56bfc062723c751e8b465ee728b)
Start importing Assets/XRF_Environment/Terrain/NewLayer 4 - Copy.terrainlayer using Guid(58b31e98729f7d8438b1bfb477e81017) Importer(815301076,1909f56bfc062723c751e8b465ee728b)  -> (artifact id: '433f729c9b11dcf129162e021898b7e2') in 0.037309 seconds
Number of updated asset objects reloaded before import = 0
Number of asset objects unloaded after import = 2
========================================================================
Received Import Request.
  Time since last request: 0.000029 seconds.
  path: Assets/XRF_Environment/Terrain/NewLayer 3 - Copy.terrainlayer
  artifactKey: Guid(aa8a1fc096cabde4daa9a4a9f6ab367f) Importer(815301076,1909f56bfc062723c751e8b465ee728b)
Start importing Assets/XRF_Environment/Terrain/NewLayer 3 - Copy.terrainlayer using Guid(aa8a1fc096cabde4daa9a4a9f6ab367f) Importer(815301076,1909f56bfc062723c751e8b465ee728b)  -> (artifact id: '5562708f9346aafd19646d43107f84c3') in 0.024625 seconds
Number of updated asset objects reloaded before import = 0
Number of asset objects unloaded after import = 4
========================================================================
Received Import Request.
  Time since last request: 0.000017 seconds.
  path: Assets/XRF_Environment/Terrain/NewLayer - Copy - Copy.terrainlayer
  artifactKey: Guid(3553768f67b234c4eb5912b2f61795ce) Importer(815301076,1909f56bfc062723c751e8b465ee728b)
Start importing Assets/XRF_Environment/Terrain/NewLayer - Copy - Copy.terrainlayer using Guid(3553768f67b234c4eb5912b2f61795ce) Importer(815301076,1909f56bfc062723c751e8b465ee728b)  -> (artifact id: 'a166382e4db95c6638881eed46274105') in 0.035771 seconds
Number of updated asset objects reloaded before import = 0
Number of asset objects unloaded after import = 2
========================================================================
Received Import Request.
  Time since last request: 0.000049 seconds.
  path: Assets/XRF_Environment/Terrain/NewLayer 2.terrainlayer
  artifactKey: Guid(9f1cbfab94e62bd4896d1c6ce6717aa8) Importer(815301076,1909f56bfc062723c751e8b465ee728b)
Start importing Assets/XRF_Environment/Terrain/NewLayer 2.terrainlayer using Guid(9f1cbfab94e62bd4896d1c6ce6717aa8) Importer(815301076,1909f56bfc062723c751e8b465ee728b)  -> (artifact id: '4e1ce7ed40f78638c35d0be11e2d922d') in 0.022649 seconds
Number of updated asset objects reloaded before import = 0
Number of asset objects unloaded after import = 2
========================================================================
Received Import Request.
  Time since last request: 0.000078 seconds.
  path: Assets/XRF_Environment/Terrain/NewLayer 5 - Copy.terrainlayer
  artifactKey: Guid(038043a9857a0154a9df672c00a83e2c) Importer(815301076,1909f56bfc062723c751e8b465ee728b)
Start importing Assets/XRF_Environment/Terrain/NewLayer 5 - Copy.terrainlayer using Guid(038043a9857a0154a9df672c00a83e2c) Importer(815301076,1909f56bfc062723c751e8b465ee728b)  -> (artifact id: 'a912b3ccfc317342acc20e84a5fc32d6') in 0.021742 seconds
Number of updated asset objects reloaded before import = 0
Number of asset objects unloaded after import = 2
Editor requested this worker to shutdown with reason: Scaling down because of idle timeout
TcpMessagingSession - receive error: operation aborted. errorcode: 995, details: 由于线程退出或应用程序请求，已中止 I/O 操作。
AssetImportWorker is now disconnected from the server
Process exiting
Exiting without the bug reporter. Application will terminate with return code 0